2014/01/03 10:45:24 [error] [exception.CException] exception 'CException' with message 'Property "TbMenu.fixed" is not defined.' in /var/www/productInfo/protected/framework/base/CComponent.php:173
Stack trace:
#0 /var/www/productInfo/protected/framework/web/CWidgetFactory.php(161): CComponent->__set('fixed', 'top')
#1 /var/www/productInfo/protected/framework/web/CBaseController.php(146): CWidgetFactory->createWidget(Object(SiteController), 'bootstrap.widge...', Array)
#2 /var/www/productInfo/protected/framework/web/CBaseController.php(172): CBaseController->createWidget('bootstrap.widge...', Array)
#3 /var/www/productInfo/protected/extensions/bootstrap/widgets/TbNavbar.php(155): CBaseController->widget('bootstrap.widge...', Array)
#4 /var/www/productInfo/protected/framework/web/CBaseController.php(173): TbNavbar->run()
#5 /var/www/productInfo/themes/bootstrap/views/layouts/main.php(32): CBaseController->widget('bootstrap.widge...', Array)
#6 /var/www/productInfo/protected/framework/web/CBaseController.php(126): require('/var/www/produc...')
#7 /var/www/productInfo/protected/framework/web/CBaseController.php(95): CBaseController->renderInternal('/var/www/produc...', Array, true)
#8 /var/www/productInfo/protected/framework/web/widgets/CContentDecorator.php(76): CBaseController->renderFile('/var/www/produc...', Array, true)
#9 /var/www/productInfo/protected/framework/web/widgets/CContentDecorator.php(54): CContentDecorator->decorate('<div id="conten...')
#10 /var/www/productInfo/protected/framework/web/widgets/COutputProcessor.php(44): CContentDecorator->processOutput('<div id="conten...')
#11 /var/www/productInfo/protected/framework/web/CBaseController.php(206): COutputProcessor->run()
#12 /var/www/productInfo/protected/framework/web/CBaseController.php(300): CBaseController->endWidget('CContentDecorat...')
#13 /var/www/productInfo/protected/views/layouts/column1.php(6): CBaseController->endContent()
#14 /var/www/productInfo/protected/framework/web/CBaseController.php(126): require('/var/www/produc...')
#15 /var/www/productInfo/protected/framework/web/CBaseController.php(95): CBaseController->renderInternal('/var/www/produc...', Array, true)
#16 /var/www/productInfo/protected/framework/web/CController.php(784): CBaseController->renderFile('/var/www/produc...', Array, true)
#17 /var/www/productInfo/protected/controllers/SiteController.php(97): CController->render('login', Array)
#18 /var/www/productInfo/protected/framework/web/actions/CInlineAction.php(49): SiteController->actionLogin()
#19 /var/www/productInfo/protected/framework/web/CController.php(308): CInlineAction->runWithParams(Array)
#20 /var/www/productInfo/protected/framework/web/CController.php(286): CController->runAction(Object(CInlineAction))
#21 /var/www/productInfo/protected/framework/web/CController.php(265): CController->runActionWithFilters(Object(CInlineAction), Array)
#22 /var/www/productInfo/protected/framework/web/CWebApplication.php(282): CController->run('login')
#23 /var/www/productInfo/protected/framework/web/CWebApplication.php(141): CWebApplication->runController('site/login')
#24 /var/www/productInfo/protected/framework/base/CApplication.php(169): CWebApplication->processRequest()
#25 /var/www/productInfo/index.php(13): CApplication->run()
#26 {main}
REQUEST_URI=/site/login
HTTP_REFERER=http://productinfo.local/site/index
---
2014/01/03 10:47:37 [error] [exception.CException] exception 'CException' with message 'SiteController contains improperly nested widget tags in its view "/var/www/productInfo/themes/bootstrap/views/site/index.php". A TbHeroUnit widget does not have an endWidget() call.' in /var/www/productInfo/protected/framework/web/CBaseController.php:101
Stack trace:
#0 /var/www/productInfo/protected/framework/web/CController.php(869): CBaseController->renderFile('/var/www/produc...', NULL, true)
#1 /var/www/productInfo/protected/framework/web/CController.php(782): CController->renderPartial('index', NULL, true)
#2 /var/www/productInfo/protected/controllers/SiteController.php(31): CController->render('index')
#3 /var/www/productInfo/protected/framework/web/actions/CInlineAction.php(49): SiteController->actionIndex()
#4 /var/www/productInfo/protected/framework/web/CController.php(308): CInlineAction->runWithParams(Array)
#5 /var/www/productInfo/protected/framework/web/CController.php(286): CController->runAction(Object(CInlineAction))
#6 /var/www/productInfo/protected/framework/web/CController.php(265): CController->runActionWithFilters(Object(CInlineAction), Array)
#7 /var/www/productInfo/protected/framework/web/CWebApplication.php(282): CController->run('')
#8 /var/www/productInfo/protected/framework/web/CWebApplication.php(141): CWebApplication->runController('')
#9 /var/www/productInfo/protected/framework/base/CApplication.php(169): CWebApplication->processRequest()
#10 /var/www/productInfo/index.php(13): CApplication->run()
#11 {main}
REQUEST_URI=/
HTTP_REFERER=http://productinfo.local/site/login
---
2014/01/03 10:48:42 [error] [exception.CException] exception 'CException' with message 'Property "TbMenu.brand" is not defined.' in /var/www/productInfo/protected/framework/base/CComponent.php:173
Stack trace:
#0 /var/www/productInfo/protected/framework/web/CWidgetFactory.php(161): CComponent->__set('brand', 'Products Info')
#1 /var/www/productInfo/protected/framework/web/CBaseController.php(146): CWidgetFactory->createWidget(Object(SiteController), 'bootstrap.widge...', Array)
#2 /var/www/productInfo/protected/framework/web/CBaseController.php(172): CBaseController->createWidget('bootstrap.widge...', Array)
#3 /var/www/productInfo/protected/extensions/bootstrap/widgets/TbNavbar.php(155): CBaseController->widget('bootstrap.widge...', Array)
#4 /var/www/productInfo/protected/framework/web/CBaseController.php(173): TbNavbar->run()
#5 /var/www/productInfo/themes/bootstrap/views/layouts/main.php(32): CBaseController->widget('bootstrap.widge...', Array)
#6 /var/www/productInfo/protected/framework/web/CBaseController.php(126): require('/var/www/produc...')
#7 /var/www/productInfo/protected/framework/web/CBaseController.php(95): CBaseController->renderInternal('/var/www/produc...', Array, true)
#8 /var/www/productInfo/protected/framework/web/widgets/CContentDecorator.php(76): CBaseController->renderFile('/var/www/produc...', Array, true)
#9 /var/www/productInfo/protected/framework/web/widgets/CContentDecorator.php(54): CContentDecorator->decorate('<div id="conten...')
#10 /var/www/productInfo/protected/framework/web/widgets/COutputProcessor.php(44): CContentDecorator->processOutput('<div id="conten...')
#11 /var/www/productInfo/protected/framework/web/CBaseController.php(206): COutputProcessor->run()
#12 /var/www/productInfo/protected/framework/web/CBaseController.php(300): CBaseController->endWidget('CContentDecorat...')
#13 /var/www/productInfo/protected/views/layouts/column1.php(6): CBaseController->endContent()
#14 /var/www/productInfo/protected/framework/web/CBaseController.php(126): require('/var/www/produc...')
#15 /var/www/productInfo/protected/framework/web/CBaseController.php(95): CBaseController->renderInternal('/var/www/produc...', Array, true)
#16 /var/www/productInfo/protected/framework/web/CController.php(784): CBaseController->renderFile('/var/www/produc...', Array, true)
#17 /var/www/productInfo/protected/controllers/SiteController.php(31): CController->render('index')
#18 /var/www/productInfo/protected/framework/web/actions/CInlineAction.php(49): SiteController->actionIndex()
#19 /var/www/productInfo/protected/framework/web/CController.php(308): CInlineAction->runWithParams(Array)
#20 /var/www/productInfo/protected/framework/web/CController.php(286): CController->runAction(Object(CInlineAction))
#21 /var/www/productInfo/protected/framework/web/CController.php(265): CController->runActionWithFilters(Object(CInlineAction), Array)
#22 /var/www/productInfo/protected/framework/web/CWebApplication.php(282): CController->run('')
#23 /var/www/productInfo/protected/framework/web/CWebApplication.php(141): CWebApplication->runController('')
#24 /var/www/productInfo/protected/framework/base/CApplication.php(169): CWebApplication->processRequest()
#25 /var/www/productInfo/index.php(13): CApplication->run()
#26 {main}
REQUEST_URI=/
HTTP_REFERER=http://productinfo.local/site/login
---
2014/01/03 11:14:21 [error] [exception.CException] exception 'CException' with message 'Alias "bootstrap.widgets.tbActiveForm" is invalid. Make sure it points to an existing PHP file and the file is readable.' in /var/www/productInfo/protected/framework/YiiBase.php:316
Stack trace:
#0 /var/www/productInfo/protected/framework/web/CWidgetFactory.php(146): YiiBase::import('bootstrap.widge...', true)
#1 /var/www/productInfo/protected/framework/web/CBaseController.php(146): CWidgetFactory->createWidget(Object(SiteController), 'bootstrap.widge...', Array)
#2 /var/www/productInfo/protected/framework/web/CBaseController.php(189): CBaseController->createWidget('bootstrap.widge...', Array)
#3 /var/www/productInfo/themes/bootstrap/views/site/index.php(17): CBaseController->beginWidget('bootstrap.widge...', Array)
#4 /var/www/productInfo/protected/framework/web/CBaseController.php(126): require('/var/www/produc...')
#5 /var/www/productInfo/protected/framework/web/CBaseController.php(95): CBaseController->renderInternal('/var/www/produc...', Array, true)
#6 /var/www/productInfo/protected/framework/web/CController.php(869): CBaseController->renderFile('/var/www/produc...', Array, true)
#7 /var/www/productInfo/protected/framework/web/CController.php(782): CController->renderPartial('index', Array, true)
#8 /var/www/productInfo/protected/controllers/SiteController.php(34): CController->render('index', Array)
#9 /var/www/productInfo/protected/framework/web/actions/CInlineAction.php(49): SiteController->actionIndex()
#10 /var/www/productInfo/protected/framework/web/CController.php(308): CInlineAction->runWithParams(Array)
#11 /var/www/productInfo/protected/framework/web/CController.php(286): CController->runAction(Object(CInlineAction))
#12 /var/www/productInfo/protected/framework/web/CController.php(265): CController->runActionWithFilters(Object(CInlineAction), Array)
#13 /var/www/productInfo/protected/framework/web/CWebApplication.php(282): CController->run('')
#14 /var/www/productInfo/protected/framework/web/CWebApplication.php(141): CWebApplication->runController('')
#15 /var/www/productInfo/protected/framework/base/CApplication.php(169): CWebApplication->processRequest()
#16 /var/www/productInfo/index.php(13): CApplication->run()
#17 {main}
REQUEST_URI=/
---
2014/01/03 11:14:48 [error] [exception.CException] exception 'CException' with message 'Property "Products.product_name" is not defined.' in /var/www/productInfo/protected/framework/base/CComponent.php:130
Stack trace:
#0 /var/www/productInfo/protected/framework/db/ar/CActiveRecord.php(143): CComponent->__get('product_name')
#1 /var/www/productInfo/protected/framework/web/helpers/CHtml.php(2255): CActiveRecord->__get('product_name')
#2 /var/www/productInfo/protected/framework/web/helpers/CHtml.php(1980): CHtml::resolveValue(Object(Products), 'product_name')
#3 /var/www/productInfo/protected/framework/web/helpers/CHtml.php(1257): CHtml::activeInputField('text', Object(Products), 'product_name', Array)
#4 /var/www/productInfo/protected/framework/web/widgets/CActiveForm.php(657): CHtml::activeTextField(Object(Products), 'product_name', Array)
#5 /var/www/productInfo/protected/extensions/bootstrap/widgets/input/TbInputHorizontal.php(181): CActiveForm->textField(Object(Products), 'product_name', Array)
#6 /var/www/productInfo/protected/extensions/bootstrap/widgets/input/TbInput.php(230): TbInputHorizontal->textField()
#7 /var/www/productInfo/protected/extensions/bootstrap/widgets/input/TbInputHorizontal.php(24): TbInput->run()
#8 /var/www/productInfo/protected/framework/web/CBaseController.php(173): TbInputHorizontal->run()
#9 /var/www/productInfo/protected/extensions/bootstrap/widgets/TbActiveForm.php(497): CBaseController->widget('bootstrap.widge...', Array)
#10 /var/www/productInfo/protected/extensions/bootstrap/widgets/TbActiveForm.php(186): TbActiveForm->inputRow('text', Object(Products), 'product_name', NULL, Array)
#11 /var/www/productInfo/themes/bootstrap/views/site/index.php(21): TbActiveForm->textFieldRow(Object(Products), 'product_name')
#12 /var/www/productInfo/protected/framework/web/CBaseController.php(126): require('/var/www/produc...')
#13 /var/www/productInfo/protected/framework/web/CBaseController.php(95): CBaseController->renderInternal('/var/www/produc...', Array, true)
#14 /var/www/productInfo/protected/framework/web/CController.php(869): CBaseController->renderFile('/var/www/produc...', Array, true)
#15 /var/www/productInfo/protected/framework/web/CController.php(782): CController->renderPartial('index', Array, true)
#16 /var/www/productInfo/protected/controllers/SiteController.php(34): CController->render('index', Array)
#17 /var/www/productInfo/protected/framework/web/actions/CInlineAction.php(49): SiteController->actionIndex()
#18 /var/www/productInfo/protected/framework/web/CController.php(308): CInlineAction->runWithParams(Array)
#19 /var/www/productInfo/protected/framework/web/CController.php(286): CController->runAction(Object(CInlineAction))
#20 /var/www/productInfo/protected/framework/web/CController.php(265): CController->runActionWithFilters(Object(CInlineAction), Array)
#21 /var/www/productInfo/protected/framework/web/CWebApplication.php(282): CController->run('')
#22 /var/www/productInfo/protected/framework/web/CWebApplication.php(141): CWebApplication->runController('')
#23 /var/www/productInfo/protected/framework/base/CApplication.php(169): CWebApplication->processRequest()
#24 /var/www/productInfo/index.php(13): CApplication->run()
#25 {main}
REQUEST_URI=/
---
2014/01/03 11:14:58 [error] [php] strpos() expects parameter 1 to be string, array given (/var/www/productInfo/protected/framework/web/helpers/CHtml.php:2203)
Stack trace:
#0 /var/www/productInfo/protected/extensions/bootstrap/widgets/input/TbInputHorizontal.php(23): TbInputHorizontal->getContainerCssClass()
#1 /var/www/productInfo/protected/framework/web/CBaseController.php(173): TbInputHorizontal->run()
#2 /var/www/productInfo/protected/extensions/bootstrap/widgets/TbActiveForm.php(497): SiteController->widget()
#3 /var/www/productInfo/protected/extensions/bootstrap/widgets/TbActiveForm.php(112): TbActiveForm->inputRow()
#4 /var/www/productInfo/themes/bootstrap/views/site/index.php(23): TbActiveForm->dropDownListRow()
#5 /var/www/productInfo/protected/framework/web/CBaseController.php(126): require()
#6 /var/www/productInfo/protected/framework/web/CBaseController.php(95): SiteController->renderInternal()
#7 /var/www/productInfo/protected/framework/web/CController.php(869): SiteController->renderFile()
#8 /var/www/productInfo/protected/framework/web/CController.php(782): SiteController->renderPartial()
#9 /var/www/productInfo/protected/controllers/SiteController.php(34): SiteController->render()
#10 /var/www/productInfo/protected/framework/web/actions/CInlineAction.php(49): SiteController->actionIndex()
#11 /var/www/productInfo/protected/framework/web/CController.php(308): CInlineAction->runWithParams()
#12 /var/www/productInfo/protected/framework/web/CController.php(286): SiteController->runAction()
#13 /var/www/productInfo/protected/framework/web/CController.php(265): SiteController->runActionWithFilters()
#14 /var/www/productInfo/protected/framework/web/CWebApplication.php(282): SiteController->run()
#15 /var/www/productInfo/protected/framework/web/CWebApplication.php(141): CWebApplication->runController()
#16 /var/www/productInfo/protected/framework/base/CApplication.php(169): CWebApplication->processRequest()
#17 /var/www/productInfo/index.php(13): CWebApplication->run()
REQUEST_URI=/
in /var/www/productInfo/protected/extensions/bootstrap/widgets/input/TbInput.php (361)
in /var/www/productInfo/protected/extensions/bootstrap/widgets/input/TbInputHorizontal.php (23)
in /var/www/productInfo/protected/extensions/bootstrap/widgets/TbActiveForm.php (497)
2014/01/03 11:19:06 [error] [exception.CException] exception 'CException' with message 'Property "TbMenu.encodedLabel" is not defined.' in /var/www/productInfo/protected/framework/base/CComponent.php:173
Stack trace:
#0 /var/www/productInfo/protected/framework/web/CWidgetFactory.php(161): CComponent->__set('encodedLabel', false)
#1 /var/www/productInfo/protected/framework/web/CBaseController.php(146): CWidgetFactory->createWidget(Object(SiteController), 'bootstrap.widge...', Array)
#2 /var/www/productInfo/protected/framework/web/CBaseController.php(172): CBaseController->createWidget('bootstrap.widge...', Array)
#3 /var/www/productInfo/protected/extensions/bootstrap/widgets/TbNavbar.php(155): CBaseController->widget('bootstrap.widge...', Array)
#4 /var/www/productInfo/protected/framework/web/CBaseController.php(173): TbNavbar->run()
#5 /var/www/productInfo/themes/bootstrap/views/layouts/main.php(65): CBaseController->widget('bootstrap.widge...', Array)
#6 /var/www/productInfo/protected/framework/web/CBaseController.php(126): require('/var/www/produc...')
#7 /var/www/productInfo/protected/framework/web/CBaseController.php(95): CBaseController->renderInternal('/var/www/produc...', Array, true)
#8 /var/www/productInfo/protected/framework/web/widgets/CContentDecorator.php(76): CBaseController->renderFile('/var/www/produc...', Array, true)
#9 /var/www/productInfo/protected/framework/web/widgets/CContentDecorator.php(54): CContentDecorator->decorate('<div id="conten...')
#10 /var/www/productInfo/protected/framework/web/widgets/COutputProcessor.php(44): CContentDecorator->processOutput('<div id="conten...')
#11 /var/www/productInfo/protected/framework/web/CBaseController.php(206): COutputProcessor->run()
#12 /var/www/productInfo/protected/framework/web/CBaseController.php(300): CBaseController->endWidget('CContentDecorat...')
#13 /var/www/productInfo/protected/views/layouts/column1.php(6): CBaseController->endContent()
#14 /var/www/productInfo/protected/framework/web/CBaseController.php(126): require('/var/www/produc...')
#15 /var/www/productInfo/protected/framework/web/CBaseController.php(95): CBaseController->renderInternal('/var/www/produc...', Array, true)
#16 /var/www/productInfo/protected/framework/web/CController.php(784): CBaseController->renderFile('/var/www/produc...', Array, true)
#17 /var/www/productInfo/protected/controllers/SiteController.php(34): CController->render('index', Array)
#18 /var/www/productInfo/protected/framework/web/actions/CInlineAction.php(49): SiteController->actionIndex()
#19 /var/www/productInfo/protected/framework/web/CController.php(308): CInlineAction->runWithParams(Array)
#20 /var/www/productInfo/protected/framework/web/CController.php(286): CController->runAction(Object(CInlineAction))
#21 /var/www/productInfo/protected/framework/web/CController.php(265): CController->runActionWithFilters(Object(CInlineAction), Array)
#22 /var/www/productInfo/protected/framework/web/CWebApplication.php(282): CController->run('')
#23 /var/www/productInfo/protected/framework/web/CWebApplication.php(141): CWebApplication->runController('')
#24 /var/www/productInfo/protected/framework/base/CApplication.php(169): CWebApplication->processRequest()
#25 /var/www/productInfo/index.php(13): CApplication->run()
#26 {main}
REQUEST_URI=/
---
2014/01/03 11:21:23 [error] [exception.CException] exception 'CException' with message 'Property "TbNavbar.encodeLabel" is not defined.' in /var/www/productInfo/protected/framework/base/CComponent.php:173
Stack trace:
#0 /var/www/productInfo/protected/framework/web/CWidgetFactory.php(161): CComponent->__set('encodeLabel', false)
#1 /var/www/productInfo/protected/framework/web/CBaseController.php(146): CWidgetFactory->createWidget(Object(SiteController), 'bootstrap.widge...', Array)
#2 /var/www/productInfo/protected/framework/web/CBaseController.php(172): CBaseController->createWidget('bootstrap.widge...', Array)
#3 /var/www/productInfo/themes/bootstrap/views/layouts/main.php(62): CBaseController->widget('bootstrap.widge...', Array)
#4 /var/www/productInfo/protected/framework/web/CBaseController.php(126): require('/var/www/produc...')
#5 /var/www/productInfo/protected/framework/web/CBaseController.php(95): CBaseController->renderInternal('/var/www/produc...', Array, true)
#6 /var/www/productInfo/protected/framework/web/widgets/CContentDecorator.php(76): CBaseController->renderFile('/var/www/produc...', Array, true)
#7 /var/www/productInfo/protected/framework/web/widgets/CContentDecorator.php(54): CContentDecorator->decorate('<div id="conten...')
#8 /var/www/productInfo/protected/framework/web/widgets/COutputProcessor.php(44): CContentDecorator->processOutput('<div id="conten...')
#9 /var/www/productInfo/protected/framework/web/CBaseController.php(206): COutputProcessor->run()
#10 /var/www/productInfo/protected/framework/web/CBaseController.php(300): CBaseController->endWidget('CContentDecorat...')
#11 /var/www/productInfo/protected/views/layouts/column1.php(6): CBaseController->endContent()
#12 /var/www/productInfo/protected/framework/web/CBaseController.php(126): require('/var/www/produc...')
#13 /var/www/productInfo/protected/framework/web/CBaseController.php(95): CBaseController->renderInternal('/var/www/produc...', Array, true)
#14 /var/www/productInfo/protected/framework/web/CController.php(784): CBaseController->renderFile('/var/www/produc...', Array, true)
#15 /var/www/productInfo/protected/controllers/SiteController.php(34): CController->render('index', Array)
#16 /var/www/productInfo/protected/framework/web/actions/CInlineAction.php(49): SiteController->actionIndex()
#17 /var/www/productInfo/protected/framework/web/CController.php(308): CInlineAction->runWithParams(Array)
#18 /var/www/productInfo/protected/framework/web/CController.php(286): CController->runAction(Object(CInlineAction))
#19 /var/www/productInfo/protected/framework/web/CController.php(265): CController->runActionWithFilters(Object(CInlineAction), Array)
#20 /var/www/productInfo/protected/framework/web/CWebApplication.php(282): CController->run('')
#21 /var/www/productInfo/protected/framework/web/CWebApplication.php(141): CWebApplication->runController('')
#22 /var/www/productInfo/protected/framework/base/CApplication.php(169): CWebApplication->processRequest()
#23 /var/www/productInfo/index.php(13): CApplication->run()
#24 {main}
REQUEST_URI=/
---
2014/01/03 12:45:07 [error] [php] Undefined variable: dataprovider (/var/www/productInfo/themes/bootstrap/views/site/index.php:52)
Stack trace:
#0 /var/www/productInfo/protected/framework/web/CController.php(869): SiteController->renderFile()
#1 /var/www/productInfo/protected/framework/web/CController.php(782): SiteController->renderPartial()
#2 /var/www/productInfo/protected/controllers/SiteController.php(70): SiteController->render()
#3 /var/www/productInfo/protected/framework/web/actions/CInlineAction.php(49): SiteController->actionIndex()
#4 /var/www/productInfo/protected/framework/web/CController.php(308): CInlineAction->runWithParams()
#5 /var/www/productInfo/protected/framework/web/CController.php(286): SiteController->runAction()
#6 /var/www/productInfo/protected/framework/web/CController.php(265): SiteController->runActionWithFilters()
#7 /var/www/productInfo/protected/framework/web/CWebApplication.php(282): SiteController->run()
#8 /var/www/productInfo/protected/framework/web/CWebApplication.php(141): CWebApplication->runController()
#9 /var/www/productInfo/protected/framework/base/CApplication.php(169): CWebApplication->processRequest()
#10 /var/www/productInfo/index.php(13): CWebApplication->run()
REQUEST_URI=/
in /var/www/productInfo/themes/bootstrap/views/site/index.php (52)
in /var/www/productInfo/protected/controllers/SiteController.php (70)
in /var/www/productInfo/index.php (13)
2014/01/03 12:45:16 [error] [php] Trying to get property of non-object (/var/www/productInfo/protected/framework/base/CComponent.php(606) : eval()'d code:1)
Stack trace:
#0 /var/www/productInfo/protected/framework/zii/widgets/grid/CGridColumn.php(144): TbDataColumn->renderDataCellContent()
#1 /var/www/productInfo/protected/framework/zii/widgets/grid/CGridView.php(589): TbDataColumn->renderDataCell()
#2 /var/www/productInfo/protected/framework/zii/widgets/grid/CGridView.php(545): TbGridView->renderTableRow()
#3 /var/www/productInfo/protected/framework/zii/widgets/grid/CGridView.php(455): TbGridView->renderTableBody()
#4 /var/www/productInfo/protected/framework/zii/widgets/CBaseListView.php(160): TbGridView->renderItems()
#5 unknown(0): TbGridView->renderSection()
#6 /var/www/productInfo/protected/framework/zii/widgets/CBaseListView.php(143): preg_replace_callback()
#7 /var/www/productInfo/protected/framework/zii/widgets/CBaseListView.php(128): TbGridView->renderContent()
#8 /var/www/productInfo/protected/framework/web/CBaseController.php(173): TbGridView->run()
#9 /var/www/productInfo/themes/bootstrap/views/site/index.php(105): SiteController->widget()
#10 /var/www/productInfo/protected/framework/web/CBaseController.php(126): require()
#11 /var/www/productInfo/protected/framework/web/CBaseController.php(95): SiteController->renderInternal()
#12 /var/www/productInfo/protected/framework/web/CController.php(869): SiteController->renderFile()
#13 /var/www/productInfo/protected/framework/web/CController.php(782): SiteController->renderPartial()
#14 /var/www/productInfo/protected/controllers/SiteController.php(70): SiteController->render()
#15 /var/www/productInfo/protected/framework/web/actions/CInlineAction.php(49): SiteController->actionIndex()
#16 /var/www/productInfo/protected/framework/web/CController.php(308): CInlineAction->runWithParams()
#17 /var/www/productInfo/protected/framework/web/CController.php(286): SiteController->runAction()
#18 /var/www/productInfo/protected/framework/web/CController.php(265): SiteController->runActionWithFilters()
#19 /var/www/productInfo/protected/framework/web/CWebApplication.php(282): SiteController->run()
#20 /var/www/productInfo/protected/framework/web/CWebApplication.php(141): CWebApplication->runController()
#21 /var/www/productInfo/protected/framework/base/CApplication.php(169): CWebApplication->processRequest()
#22 /var/www/productInfo/index.php(13): CWebApplication->run()
REQUEST_URI=/
in /var/www/productInfo/themes/bootstrap/views/site/index.php (105)
in /var/www/productInfo/protected/controllers/SiteController.php (70)
in /var/www/productInfo/index.php (13)
2014/01/03 13:32:07 [error] [php] Trying to get property of non-object (/var/www/productInfo/protected/framework/base/CComponent.php(606) : eval()'d code:1)
Stack trace:
#0 /var/www/productInfo/protected/framework/zii/widgets/grid/CButtonColumn.php(295): CButtonColumn->renderButton()
#1 /var/www/productInfo/protected/framework/zii/widgets/grid/CGridColumn.php(144): CButtonColumn->renderDataCellContent()
#2 /var/www/productInfo/protected/framework/zii/widgets/grid/CGridView.php(589): CButtonColumn->renderDataCell()
#3 /var/www/productInfo/protected/framework/zii/widgets/grid/CGridView.php(545): TbGridView->renderTableRow()
#4 /var/www/productInfo/protected/framework/zii/widgets/grid/CGridView.php(455): TbGridView->renderTableBody()
#5 /var/www/productInfo/protected/framework/zii/widgets/CBaseListView.php(160): TbGridView->renderItems()
#6 unknown(0): TbGridView->renderSection()
#7 /var/www/productInfo/protected/framework/zii/widgets/CBaseListView.php(143): preg_replace_callback()
#8 /var/www/productInfo/protected/framework/zii/widgets/CBaseListView.php(128): TbGridView->renderContent()
#9 /var/www/productInfo/protected/framework/web/CBaseController.php(173): TbGridView->run()
#10 /var/www/productInfo/themes/bootstrap/views/site/index.php(109): SiteController->widget()
#11 /var/www/productInfo/protected/framework/web/CBaseController.php(126): require()
#12 /var/www/productInfo/protected/framework/web/CBaseController.php(95): SiteController->renderInternal()
#13 /var/www/productInfo/protected/framework/web/CController.php(869): SiteController->renderFile()
#14 /var/www/productInfo/protected/framework/web/CController.php(782): SiteController->renderPartial()
#15 /var/www/productInfo/protected/controllers/SiteController.php(77): SiteController->render()
#16 /var/www/productInfo/protected/framework/web/actions/CInlineAction.php(49): SiteController->actionIndex()
#17 /var/www/productInfo/protected/framework/web/CController.php(308): CInlineAction->runWithParams()
#18 /var/www/productInfo/protected/framework/web/CController.php(286): SiteController->runAction()
#19 /var/www/productInfo/protected/framework/web/CController.php(265): SiteController->runActionWithFilters()
#20 /var/www/productInfo/protected/framework/web/CWebApplication.php(282): SiteController->run()
#21 /var/www/productInfo/protected/framework/web/CWebApplication.php(141): CWebApplication->runController()
#22 /var/www/productInfo/protected/framework/base/CApplication.php(169): CWebApplication->processRequest()
#23 /var/www/productInfo/index.php(13): CWebApplication->run()
REQUEST_URI=/
in /var/www/productInfo/themes/bootstrap/views/site/index.php (109)
in /var/www/productInfo/protected/controllers/SiteController.php (77)
in /var/www/productInfo/index.php (13)
2014/01/03 13:32:37 [error] [php] Trying to get property of non-object (/var/www/productInfo/protected/framework/base/CComponent.php(606) : eval()'d code:1)
Stack trace:
#0 /var/www/productInfo/protected/framework/zii/widgets/grid/CButtonColumn.php(295): CButtonColumn->renderButton()
#1 /var/www/productInfo/protected/framework/zii/widgets/grid/CGridColumn.php(144): CButtonColumn->renderDataCellContent()
#2 /var/www/productInfo/protected/framework/zii/widgets/grid/CGridView.php(589): CButtonColumn->renderDataCell()
#3 /var/www/productInfo/protected/framework/zii/widgets/grid/CGridView.php(545): TbGridView->renderTableRow()
#4 /var/www/productInfo/protected/framework/zii/widgets/grid/CGridView.php(455): TbGridView->renderTableBody()
#5 /var/www/productInfo/protected/framework/zii/widgets/CBaseListView.php(160): TbGridView->renderItems()
#6 unknown(0): TbGridView->renderSection()
#7 /var/www/productInfo/protected/framework/zii/widgets/CBaseListView.php(143): preg_replace_callback()
#8 /var/www/productInfo/protected/framework/zii/widgets/CBaseListView.php(128): TbGridView->renderContent()
#9 /var/www/productInfo/protected/framework/web/CBaseController.php(173): TbGridView->run()
#10 /var/www/productInfo/themes/bootstrap/views/site/index.php(108): SiteController->widget()
#11 /var/www/productInfo/protected/framework/web/CBaseController.php(126): require()
#12 /var/www/productInfo/protected/framework/web/CBaseController.php(95): SiteController->renderInternal()
#13 /var/www/productInfo/protected/framework/web/CController.php(869): SiteController->renderFile()
#14 /var/www/productInfo/protected/framework/web/CController.php(782): SiteController->renderPartial()
#15 /var/www/productInfo/protected/controllers/SiteController.php(77): SiteController->render()
#16 /var/www/productInfo/protected/framework/web/actions/CInlineAction.php(49): SiteController->actionIndex()
#17 /var/www/productInfo/protected/framework/web/CController.php(308): CInlineAction->runWithParams()
#18 /var/www/productInfo/protected/framework/web/CController.php(286): SiteController->runAction()
#19 /var/www/productInfo/protected/framework/web/CController.php(265): SiteController->runActionWithFilters()
#20 /var/www/productInfo/protected/framework/web/CWebApplication.php(282): SiteController->run()
#21 /var/www/productInfo/protected/framework/web/CWebApplication.php(141): CWebApplication->runController()
#22 /var/www/productInfo/protected/framework/base/CApplication.php(169): CWebApplication->processRequest()
#23 /var/www/productInfo/index.php(13): CWebApplication->run()
REQUEST_URI=/
in /var/www/productInfo/themes/bootstrap/views/site/index.php (108)
in /var/www/productInfo/protected/controllers/SiteController.php (77)
in /var/www/productInfo/index.php (13)
2014/01/03 13:33:26 [error] [php] Trying to get property of non-object (/var/www/productInfo/protected/framework/base/CComponent.php(606) : eval()'d code:1)
Stack trace:
#0 /var/www/productInfo/protected/framework/zii/widgets/grid/CButtonColumn.php(295): TbButtonColumn->renderButton()
#1 /var/www/productInfo/protected/framework/zii/widgets/grid/CGridColumn.php(144): TbButtonColumn->renderDataCellContent()
#2 /var/www/productInfo/protected/framework/zii/widgets/grid/CGridView.php(589): TbButtonColumn->renderDataCell()
#3 /var/www/productInfo/protected/framework/zii/widgets/grid/CGridView.php(545): TbGridView->renderTableRow()
#4 /var/www/productInfo/protected/framework/zii/widgets/grid/CGridView.php(455): TbGridView->renderTableBody()
#5 /var/www/productInfo/protected/framework/zii/widgets/CBaseListView.php(160): TbGridView->renderItems()
#6 unknown(0): TbGridView->renderSection()
#7 /var/www/productInfo/protected/framework/zii/widgets/CBaseListView.php(143): preg_replace_callback()
#8 /var/www/productInfo/protected/framework/zii/widgets/CBaseListView.php(128): TbGridView->renderContent()
#9 /var/www/productInfo/protected/framework/web/CBaseController.php(173): TbGridView->run()
#10 /var/www/productInfo/themes/bootstrap/views/site/index.php(108): SiteController->widget()
#11 /var/www/productInfo/protected/framework/web/CBaseController.php(126): require()
#12 /var/www/productInfo/protected/framework/web/CBaseController.php(95): SiteController->renderInternal()
#13 /var/www/productInfo/protected/framework/web/CController.php(869): SiteController->renderFile()
#14 /var/www/productInfo/protected/framework/web/CController.php(782): SiteController->renderPartial()
#15 /var/www/productInfo/protected/controllers/SiteController.php(77): SiteController->render()
#16 /var/www/productInfo/protected/framework/web/actions/CInlineAction.php(49): SiteController->actionIndex()
#17 /var/www/productInfo/protected/framework/web/CController.php(308): CInlineAction->runWithParams()
#18 /var/www/productInfo/protected/framework/web/CController.php(286): SiteController->runAction()
#19 /var/www/productInfo/protected/framework/web/CController.php(265): SiteController->runActionWithFilters()
#20 /var/www/productInfo/protected/framework/web/CWebApplication.php(282): SiteController->run()
#21 /var/www/productInfo/protected/framework/web/CWebApplication.php(141): CWebApplication->runController()
#22 /var/www/productInfo/protected/framework/base/CApplication.php(169): CWebApplication->processRequest()
#23 /var/www/productInfo/index.php(13): CWebApplication->run()
REQUEST_URI=/
in /var/www/productInfo/protected/extensions/bootstrap/widgets/TbButtonColumn.php (60)
in /var/www/productInfo/themes/bootstrap/views/site/index.php (108)
in /var/www/productInfo/protected/controllers/SiteController.php (77)
2014/01/03 13:37:53 [error] [php] Trying to get property of non-object (/var/www/productInfo/protected/framework/base/CComponent.php(606) : eval()'d code:1)
Stack trace:
#0 /var/www/productInfo/protected/framework/zii/widgets/grid/CButtonColumn.php(295): TbButtonColumn->renderButton()
#1 /var/www/productInfo/protected/framework/zii/widgets/grid/CGridColumn.php(144): TbButtonColumn->renderDataCellContent()
#2 /var/www/productInfo/protected/framework/zii/widgets/grid/CGridView.php(589): TbButtonColumn->renderDataCell()
#3 /var/www/productInfo/protected/framework/zii/widgets/grid/CGridView.php(545): TbGridView->renderTableRow()
#4 /var/www/productInfo/protected/framework/zii/widgets/grid/CGridView.php(455): TbGridView->renderTableBody()
#5 /var/www/productInfo/protected/framework/zii/widgets/CBaseListView.php(160): TbGridView->renderItems()
#6 unknown(0): TbGridView->renderSection()
#7 /var/www/productInfo/protected/framework/zii/widgets/CBaseListView.php(143): preg_replace_callback()
#8 /var/www/productInfo/protected/framework/zii/widgets/CBaseListView.php(128): TbGridView->renderContent()
#9 /var/www/productInfo/protected/framework/web/CBaseController.php(173): TbGridView->run()
#10 /var/www/productInfo/themes/bootstrap/views/site/index.php(131): SiteController->widget()
#11 /var/www/productInfo/protected/framework/web/CBaseController.php(126): require()
#12 /var/www/productInfo/protected/framework/web/CBaseController.php(95): SiteController->renderInternal()
#13 /var/www/productInfo/protected/framework/web/CController.php(869): SiteController->renderFile()
#14 /var/www/productInfo/protected/framework/web/CController.php(782): SiteController->renderPartial()
#15 /var/www/productInfo/protected/controllers/SiteController.php(77): SiteController->render()
#16 /var/www/productInfo/protected/framework/web/actions/CInlineAction.php(49): SiteController->actionIndex()
#17 /var/www/productInfo/protected/framework/web/CController.php(308): CInlineAction->runWithParams()
#18 /var/www/productInfo/protected/framework/web/CController.php(286): SiteController->runAction()
#19 /var/www/productInfo/protected/framework/web/CController.php(265): SiteController->runActionWithFilters()
#20 /var/www/productInfo/protected/framework/web/CWebApplication.php(282): SiteController->run()
#21 /var/www/productInfo/protected/framework/web/CWebApplication.php(141): CWebApplication->runController()
#22 /var/www/productInfo/protected/framework/base/CApplication.php(169): CWebApplication->processRequest()
#23 /var/www/productInfo/index.php(13): CWebApplication->run()
REQUEST_URI=/
in /var/www/productInfo/protected/extensions/bootstrap/widgets/TbButtonColumn.php (60)
in /var/www/productInfo/themes/bootstrap/views/site/index.php (131)
in /var/www/productInfo/protected/controllers/SiteController.php (77)
2014/01/03 13:37:54 [error] [php] Trying to get property of non-object (/var/www/productInfo/protected/framework/base/CComponent.php(606) : eval()'d code:1)
Stack trace:
#0 /var/www/productInfo/protected/framework/zii/widgets/grid/CButtonColumn.php(295): TbButtonColumn->renderButton()
#1 /var/www/productInfo/protected/framework/zii/widgets/grid/CGridColumn.php(144): TbButtonColumn->renderDataCellContent()
#2 /var/www/productInfo/protected/framework/zii/widgets/grid/CGridView.php(589): TbButtonColumn->renderDataCell()
#3 /var/www/productInfo/protected/framework/zii/widgets/grid/CGridView.php(545): TbGridView->renderTableRow()
#4 /var/www/productInfo/protected/framework/zii/widgets/grid/CGridView.php(455): TbGridView->renderTableBody()
#5 /var/www/productInfo/protected/framework/zii/widgets/CBaseListView.php(160): TbGridView->renderItems()
#6 unknown(0): TbGridView->renderSection()
#7 /var/www/productInfo/protected/framework/zii/widgets/CBaseListView.php(143): preg_replace_callback()
#8 /var/www/productInfo/protected/framework/zii/widgets/CBaseListView.php(128): TbGridView->renderContent()
#9 /var/www/productInfo/protected/framework/web/CBaseController.php(173): TbGridView->run()
#10 /var/www/productInfo/themes/bootstrap/views/site/index.php(131): SiteController->widget()
#11 /var/www/productInfo/protected/framework/web/CBaseController.php(126): require()
#12 /var/www/productInfo/protected/framework/web/CBaseController.php(95): SiteController->renderInternal()
#13 /var/www/productInfo/protected/framework/web/CController.php(869): SiteController->renderFile()
#14 /var/www/productInfo/protected/framework/web/CController.php(782): SiteController->renderPartial()
#15 /var/www/productInfo/protected/controllers/SiteController.php(77): SiteController->render()
#16 /var/www/productInfo/protected/framework/web/actions/CInlineAction.php(49): SiteController->actionIndex()
#17 /var/www/productInfo/protected/framework/web/CController.php(308): CInlineAction->runWithParams()
#18 /var/www/productInfo/protected/framework/web/CController.php(286): SiteController->runAction()
#19 /var/www/productInfo/protected/framework/web/CController.php(265): SiteController->runActionWithFilters()
#20 /var/www/productInfo/protected/framework/web/CWebApplication.php(282): SiteController->run()
#21 /var/www/productInfo/protected/framework/web/CWebApplication.php(141): CWebApplication->runController()
#22 /var/www/productInfo/protected/framework/base/CApplication.php(169): CWebApplication->processRequest()
#23 /var/www/productInfo/index.php(13): CWebApplication->run()
REQUEST_URI=/
in /var/www/productInfo/protected/extensions/bootstrap/widgets/TbButtonColumn.php (60)
in /var/www/productInfo/themes/bootstrap/views/site/index.php (131)
in /var/www/productInfo/protected/controllers/SiteController.php (77)
2014/01/03 13:37:54 [error] [php] Trying to get property of non-object (/var/www/productInfo/protected/framework/base/CComponent.php(606) : eval()'d code:1)
Stack trace:
#0 /var/www/productInfo/protected/framework/zii/widgets/grid/CButtonColumn.php(295): TbButtonColumn->renderButton()
#1 /var/www/productInfo/protected/framework/zii/widgets/grid/CGridColumn.php(144): TbButtonColumn->renderDataCellContent()
#2 /var/www/productInfo/protected/framework/zii/widgets/grid/CGridView.php(589): TbButtonColumn->renderDataCell()
#3 /var/www/productInfo/protected/framework/zii/widgets/grid/CGridView.php(545): TbGridView->renderTableRow()
#4 /var/www/productInfo/protected/framework/zii/widgets/grid/CGridView.php(455): TbGridView->renderTableBody()
#5 /var/www/productInfo/protected/framework/zii/widgets/CBaseListView.php(160): TbGridView->renderItems()
#6 unknown(0): TbGridView->renderSection()
#7 /var/www/productInfo/protected/framework/zii/widgets/CBaseListView.php(143): preg_replace_callback()
#8 /var/www/productInfo/protected/framework/zii/widgets/CBaseListView.php(128): TbGridView->renderContent()
#9 /var/www/productInfo/protected/framework/web/CBaseController.php(173): TbGridView->run()
#10 /var/www/productInfo/themes/bootstrap/views/site/index.php(131): SiteController->widget()
#11 /var/www/productInfo/protected/framework/web/CBaseController.php(126): require()
#12 /var/www/productInfo/protected/framework/web/CBaseController.php(95): SiteController->renderInternal()
#13 /var/www/productInfo/protected/framework/web/CController.php(869): SiteController->renderFile()
#14 /var/www/productInfo/protected/framework/web/CController.php(782): SiteController->renderPartial()
#15 /var/www/productInfo/protected/controllers/SiteController.php(77): SiteController->render()
#16 /var/www/productInfo/protected/framework/web/actions/CInlineAction.php(49): SiteController->actionIndex()
#17 /var/www/productInfo/protected/framework/web/CController.php(308): CInlineAction->runWithParams()
#18 /var/www/productInfo/protected/framework/web/CController.php(286): SiteController->runAction()
#19 /var/www/productInfo/protected/framework/web/CController.php(265): SiteController->runActionWithFilters()
#20 /var/www/productInfo/protected/framework/web/CWebApplication.php(282): SiteController->run()
#21 /var/www/productInfo/protected/framework/web/CWebApplication.php(141): CWebApplication->runController()
#22 /var/www/productInfo/protected/framework/base/CApplication.php(169): CWebApplication->processRequest()
#23 /var/www/productInfo/index.php(13): CWebApplication->run()
REQUEST_URI=/
in /var/www/productInfo/protected/extensions/bootstrap/widgets/TbButtonColumn.php (60)
in /var/www/productInfo/themes/bootstrap/views/site/index.php (131)
in /var/www/productInfo/protected/controllers/SiteController.php (77)
2014/01/03 13:37:54 [error] [php] Trying to get property of non-object (/var/www/productInfo/protected/framework/base/CComponent.php(606) : eval()'d code:1)
Stack trace:
#0 /var/www/productInfo/protected/framework/zii/widgets/grid/CButtonColumn.php(295): TbButtonColumn->renderButton()
#1 /var/www/productInfo/protected/framework/zii/widgets/grid/CGridColumn.php(144): TbButtonColumn->renderDataCellContent()
#2 /var/www/productInfo/protected/framework/zii/widgets/grid/CGridView.php(589): TbButtonColumn->renderDataCell()
#3 /var/www/productInfo/protected/framework/zii/widgets/grid/CGridView.php(545): TbGridView->renderTableRow()
#4 /var/www/productInfo/protected/framework/zii/widgets/grid/CGridView.php(455): TbGridView->renderTableBody()
#5 /var/www/productInfo/protected/framework/zii/widgets/CBaseListView.php(160): TbGridView->renderItems()
#6 unknown(0): TbGridView->renderSection()
#7 /var/www/productInfo/protected/framework/zii/widgets/CBaseListView.php(143): preg_replace_callback()
#8 /var/www/productInfo/protected/framework/zii/widgets/CBaseListView.php(128): TbGridView->renderContent()
#9 /var/www/productInfo/protected/framework/web/CBaseController.php(173): TbGridView->run()
#10 /var/www/productInfo/themes/bootstrap/views/site/index.php(131): SiteController->widget()
#11 /var/www/productInfo/protected/framework/web/CBaseController.php(126): require()
#12 /var/www/productInfo/protected/framework/web/CBaseController.php(95): SiteController->renderInternal()
#13 /var/www/productInfo/protected/framework/web/CController.php(869): SiteController->renderFile()
#14 /var/www/productInfo/protected/framework/web/CController.php(782): SiteController->renderPartial()
#15 /var/www/productInfo/protected/controllers/SiteController.php(77): SiteController->render()
#16 /var/www/productInfo/protected/framework/web/actions/CInlineAction.php(49): SiteController->actionIndex()
#17 /var/www/productInfo/protected/framework/web/CController.php(308): CInlineAction->runWithParams()
#18 /var/www/productInfo/protected/framework/web/CController.php(286): SiteController->runAction()
#19 /var/www/productInfo/protected/framework/web/CController.php(265): SiteController->runActionWithFilters()
#20 /var/www/productInfo/protected/framework/web/CWebApplication.php(282): SiteController->run()
#21 /var/www/productInfo/protected/framework/web/CWebApplication.php(141): CWebApplication->runController()
#22 /var/www/productInfo/protected/framework/base/CApplication.php(169): CWebApplication->processRequest()
#23 /var/www/productInfo/index.php(13): CWebApplication->run()
REQUEST_URI=/
in /var/www/productInfo/protected/extensions/bootstrap/widgets/TbButtonColumn.php (60)
in /var/www/productInfo/themes/bootstrap/views/site/index.php (131)
in /var/www/productInfo/protected/controllers/SiteController.php (77)
2014/01/03 13:37:55 [error] [php] Trying to get property of non-object (/var/www/productInfo/protected/framework/base/CComponent.php(606) : eval()'d code:1)
Stack trace:
#0 /var/www/productInfo/protected/framework/zii/widgets/grid/CButtonColumn.php(295): TbButtonColumn->renderButton()
#1 /var/www/productInfo/protected/framework/zii/widgets/grid/CGridColumn.php(144): TbButtonColumn->renderDataCellContent()
#2 /var/www/productInfo/protected/framework/zii/widgets/grid/CGridView.php(589): TbButtonColumn->renderDataCell()
#3 /var/www/productInfo/protected/framework/zii/widgets/grid/CGridView.php(545): TbGridView->renderTableRow()
#4 /var/www/productInfo/protected/framework/zii/widgets/grid/CGridView.php(455): TbGridView->renderTableBody()
#5 /var/www/productInfo/protected/framework/zii/widgets/CBaseListView.php(160): TbGridView->renderItems()
#6 unknown(0): TbGridView->renderSection()
#7 /var/www/productInfo/protected/framework/zii/widgets/CBaseListView.php(143): preg_replace_callback()
#8 /var/www/productInfo/protected/framework/zii/widgets/CBaseListView.php(128): TbGridView->renderContent()
#9 /var/www/productInfo/protected/framework/web/CBaseController.php(173): TbGridView->run()
#10 /var/www/productInfo/themes/bootstrap/views/site/index.php(131): SiteController->widget()
#11 /var/www/productInfo/protected/framework/web/CBaseController.php(126): require()
#12 /var/www/productInfo/protected/framework/web/CBaseController.php(95): SiteController->renderInternal()
#13 /var/www/productInfo/protected/framework/web/CController.php(869): SiteController->renderFile()
#14 /var/www/productInfo/protected/framework/web/CController.php(782): SiteController->renderPartial()
#15 /var/www/productInfo/protected/controllers/SiteController.php(77): SiteController->render()
#16 /var/www/productInfo/protected/framework/web/actions/CInlineAction.php(49): SiteController->actionIndex()
#17 /var/www/productInfo/protected/framework/web/CController.php(308): CInlineAction->runWithParams()
#18 /var/www/productInfo/protected/framework/web/CController.php(286): SiteController->runAction()
#19 /var/www/productInfo/protected/framework/web/CController.php(265): SiteController->runActionWithFilters()
#20 /var/www/productInfo/protected/framework/web/CWebApplication.php(282): SiteController->run()
#21 /var/www/productInfo/protected/framework/web/CWebApplication.php(141): CWebApplication->runController()
#22 /var/www/productInfo/protected/framework/base/CApplication.php(169): CWebApplication->processRequest()
#23 /var/www/productInfo/index.php(13): CWebApplication->run()
REQUEST_URI=/
in /var/www/productInfo/protected/extensions/bootstrap/widgets/TbButtonColumn.php (60)
in /var/www/productInfo/themes/bootstrap/views/site/index.php (131)
in /var/www/productInfo/protected/controllers/SiteController.php (77)
2014/01/03 13:41:27 [error] [exception.CHttpException.404] exception 'CHttpException' with message 'The system is unable to find the requested action "delete".' in /var/www/productInfo/protected/framework/web/CController.php:483
Stack trace:
#0 /var/www/productInfo/protected/framework/web/CController.php(270): CController->missingAction('delete')
#1 /var/www/productInfo/protected/framework/web/CWebApplication.php(282): CController->run('delete')
#2 /var/www/productInfo/protected/framework/web/CWebApplication.php(141): CWebApplication->runController('site/delete')
#3 /var/www/productInfo/protected/framework/base/CApplication.php(169): CWebApplication->processRequest()
#4 /var/www/productInfo/index.php(13): CApplication->run()
#5 {main}
REQUEST_URI=/site/delete?ajax=neustar-gridview
HTTP_REFERER=http://productinfo.local/
---
2014/01/03 16:35:58 [error] [php] include(Leapfrog.php): failed to open stream: No such file or directory (/var/www/productInfo/protected/framework/YiiBase.php:421)
Stack trace:
#0 /var/www/productInfo/themes/bootstrap/views/layouts/main.php(17): spl_autoload_call()
#1 /var/www/productInfo/protected/framework/web/CBaseController.php(126): require()
#2 /var/www/productInfo/protected/framework/web/CBaseController.php(95): SiteController->renderInternal()
#3 /var/www/productInfo/protected/framework/web/widgets/CContentDecorator.php(76): SiteController->renderFile()
#4 /var/www/productInfo/protected/framework/web/widgets/CContentDecorator.php(54): CContentDecorator->decorate()
#5 /var/www/productInfo/protected/framework/web/widgets/COutputProcessor.php(44): CContentDecorator->processOutput()
#6 /var/www/productInfo/protected/framework/web/CBaseController.php(206): CContentDecorator->run()
#7 /var/www/productInfo/protected/framework/web/CBaseController.php(300): SiteController->endWidget()
#8 /var/www/productInfo/protected/views/layouts/column1.php(6): SiteController->endContent()
#9 /var/www/productInfo/protected/framework/web/CBaseController.php(126): require()
#10 /var/www/productInfo/protected/framework/web/CBaseController.php(95): SiteController->renderInternal()
#11 /var/www/productInfo/protected/framework/web/CController.php(784): SiteController->renderFile()
#12 /var/www/productInfo/protected/controllers/SiteController.php(77): SiteController->render()
#13 /var/www/productInfo/protected/framework/web/actions/CInlineAction.php(49): SiteController->actionIndex()
#14 /var/www/productInfo/protected/framework/web/CController.php(308): CInlineAction->runWithParams()
#15 /var/www/productInfo/protected/framework/web/CController.php(286): SiteController->runAction()
#16 /var/www/productInfo/protected/framework/web/CController.php(265): SiteController->runActionWithFilters()
#17 /var/www/productInfo/protected/framework/web/CWebApplication.php(282): SiteController->run()
#18 /var/www/productInfo/protected/framework/web/CWebApplication.php(141): CWebApplication->runController()
#19 /var/www/productInfo/protected/framework/base/CApplication.php(169): CWebApplication->processRequest()
#20 /var/www/productInfo/index.php(13): CWebApplication->run()
REQUEST_URI=/
in /var/www/productInfo/themes/bootstrap/views/layouts/main.php (17)
in /var/www/productInfo/protected/views/layouts/column1.php (6)
in /var/www/productInfo/protected/controllers/SiteController.php (77)
2014/01/03 16:36:11 [error] [php] include(Leapfrog.php): failed to open stream: No such file or directory (/var/www/productInfo/protected/framework/YiiBase.php:421)
Stack trace:
#0 /var/www/productInfo/themes/bootstrap/views/layouts/main.php(18): spl_autoload_call()
#1 /var/www/productInfo/protected/framework/web/CBaseController.php(126): require()
#2 /var/www/productInfo/protected/framework/web/CBaseController.php(95): SiteController->renderInternal()
#3 /var/www/productInfo/protected/framework/web/widgets/CContentDecorator.php(76): SiteController->renderFile()
#4 /var/www/productInfo/protected/framework/web/widgets/CContentDecorator.php(54): CContentDecorator->decorate()
#5 /var/www/productInfo/protected/framework/web/widgets/COutputProcessor.php(44): CContentDecorator->processOutput()
#6 /var/www/productInfo/protected/framework/web/CBaseController.php(206): CContentDecorator->run()
#7 /var/www/productInfo/protected/framework/web/CBaseController.php(300): SiteController->endWidget()
#8 /var/www/productInfo/protected/views/layouts/column1.php(6): SiteController->endContent()
#9 /var/www/productInfo/protected/framework/web/CBaseController.php(126): require()
#10 /var/www/productInfo/protected/framework/web/CBaseController.php(95): SiteController->renderInternal()
#11 /var/www/productInfo/protected/framework/web/CController.php(784): SiteController->renderFile()
#12 /var/www/productInfo/protected/controllers/SiteController.php(77): SiteController->render()
#13 /var/www/productInfo/protected/framework/web/actions/CInlineAction.php(49): SiteController->actionIndex()
#14 /var/www/productInfo/protected/framework/web/CController.php(308): CInlineAction->runWithParams()
#15 /var/www/productInfo/protected/framework/web/CController.php(286): SiteController->runAction()
#16 /var/www/productInfo/protected/framework/web/CController.php(265): SiteController->runActionWithFilters()
#17 /var/www/productInfo/protected/framework/web/CWebApplication.php(282): SiteController->run()
#18 /var/www/productInfo/protected/framework/web/CWebApplication.php(141): CWebApplication->runController()
#19 /var/www/productInfo/protected/framework/base/CApplication.php(169): CWebApplication->processRequest()
#20 /var/www/productInfo/index.php(13): CWebApplication->run()
REQUEST_URI=/
in /var/www/productInfo/themes/bootstrap/views/layouts/main.php (18)
in /var/www/productInfo/protected/views/layouts/column1.php (6)
in /var/www/productInfo/protected/controllers/SiteController.php (77)
2014/01/06 09:57:23 [error] [exception.CHttpException.500] exception 'CHttpException' with message 'SiteController has an extra endWidget() call in its view.' in /var/www/productInfo/protected/controllers/SiteController.php:114
Stack trace:
#0 [internal function]: SiteController->actionUpdate('5')
#1 /var/www/productInfo/protected/framework/web/actions/CAction.php(108): ReflectionMethod->invokeArgs(Object(SiteController), Array)
#2 /var/www/productInfo/protected/framework/web/actions/CInlineAction.php(47): CAction->runWithParamsInternal(Object(SiteController), Object(ReflectionMethod), Array)
#3 /var/www/productInfo/protected/framework/web/CController.php(308): CInlineAction->runWithParams(Array)
#4 /var/www/productInfo/protected/framework/web/CController.php(286): CController->runAction(Object(CInlineAction))
#5 /var/www/productInfo/protected/framework/web/CController.php(265): CController->runActionWithFilters(Object(CInlineAction), Array)
#6 /var/www/productInfo/protected/framework/web/CWebApplication.php(282): CController->run('update')
#7 /var/www/productInfo/protected/framework/web/CWebApplication.php(141): CWebApplication->runController('site/update')
#8 /var/www/productInfo/protected/framework/base/CApplication.php(169): CWebApplication->processRequest()
#9 /var/www/productInfo/index.php(13): CApplication->run()
#10 {main}
REQUEST_URI=/site/update/5
HTTP_REFERER=http://productinfo.local/
---
2014/01/06 09:57:27 [error] [exception.CHttpException.500] exception 'CHttpException' with message 'SiteController has an extra endWidget() call in its view.' in /var/www/productInfo/protected/controllers/SiteController.php:114
Stack trace:
#0 [internal function]: SiteController->actionUpdate('5')
#1 /var/www/productInfo/protected/framework/web/actions/CAction.php(108): ReflectionMethod->invokeArgs(Object(SiteController), Array)
#2 /var/www/productInfo/protected/framework/web/actions/CInlineAction.php(47): CAction->runWithParamsInternal(Object(SiteController), Object(ReflectionMethod), Array)
#3 /var/www/productInfo/protected/framework/web/CController.php(308): CInlineAction->runWithParams(Array)
#4 /var/www/productInfo/protected/framework/web/CController.php(286): CController->runAction(Object(CInlineAction))
#5 /var/www/productInfo/protected/framework/web/CController.php(265): CController->runActionWithFilters(Object(CInlineAction), Array)
#6 /var/www/productInfo/protected/framework/web/CWebApplication.php(282): CController->run('update')
#7 /var/www/productInfo/protected/framework/web/CWebApplication.php(141): CWebApplication->runController('site/update')
#8 /var/www/productInfo/protected/framework/base/CApplication.php(169): CWebApplication->processRequest()
#9 /var/www/productInfo/index.php(13): CApplication->run()
#10 {main}
REQUEST_URI=/site/update/5
HTTP_REFERER=http://productinfo.local/
---
2014/01/06 09:57:28 [error] [exception.CHttpException.500] exception 'CHttpException' with message 'SiteController has an extra endWidget() call in its view.' in /var/www/productInfo/protected/controllers/SiteController.php:114
Stack trace:
#0 [internal function]: SiteController->actionUpdate('5')
#1 /var/www/productInfo/protected/framework/web/actions/CAction.php(108): ReflectionMethod->invokeArgs(Object(SiteController), Array)
#2 /var/www/productInfo/protected/framework/web/actions/CInlineAction.php(47): CAction->runWithParamsInternal(Object(SiteController), Object(ReflectionMethod), Array)
#3 /var/www/productInfo/protected/framework/web/CController.php(308): CInlineAction->runWithParams(Array)
#4 /var/www/productInfo/protected/framework/web/CController.php(286): CController->runAction(Object(CInlineAction))
#5 /var/www/productInfo/protected/framework/web/CController.php(265): CController->runActionWithFilters(Object(CInlineAction), Array)
#6 /var/www/productInfo/protected/framework/web/CWebApplication.php(282): CController->run('update')
#7 /var/www/productInfo/protected/framework/web/CWebApplication.php(141): CWebApplication->runController('site/update')
#8 /var/www/productInfo/protected/framework/base/CApplication.php(169): CWebApplication->processRequest()
#9 /var/www/productInfo/index.php(13): CApplication->run()
#10 {main}
REQUEST_URI=/site/update/5
HTTP_REFERER=http://productinfo.local/
---
2014/01/06 09:57:28 [error] [exception.CHttpException.500] exception 'CHttpException' with message 'SiteController has an extra endWidget() call in its view.' in /var/www/productInfo/protected/controllers/SiteController.php:114
Stack trace:
#0 [internal function]: SiteController->actionUpdate('5')
#1 /var/www/productInfo/protected/framework/web/actions/CAction.php(108): ReflectionMethod->invokeArgs(Object(SiteController), Array)
#2 /var/www/productInfo/protected/framework/web/actions/CInlineAction.php(47): CAction->runWithParamsInternal(Object(SiteController), Object(ReflectionMethod), Array)
#3 /var/www/productInfo/protected/framework/web/CController.php(308): CInlineAction->runWithParams(Array)
#4 /var/www/productInfo/protected/framework/web/CController.php(286): CController->runAction(Object(CInlineAction))
#5 /var/www/productInfo/protected/framework/web/CController.php(265): CController->runActionWithFilters(Object(CInlineAction), Array)
#6 /var/www/productInfo/protected/framework/web/CWebApplication.php(282): CController->run('update')
#7 /var/www/productInfo/protected/framework/web/CWebApplication.php(141): CWebApplication->runController('site/update')
#8 /var/www/productInfo/protected/framework/base/CApplication.php(169): CWebApplication->processRequest()
#9 /var/www/productInfo/index.php(13): CApplication->run()
#10 {main}
REQUEST_URI=/site/update/5
HTTP_REFERER=http://productinfo.local/
---
2014/01/06 09:57:30 [error] [exception.CHttpException.500] exception 'CHttpException' with message 'SiteController has an extra endWidget() call in its view.' in /var/www/productInfo/protected/controllers/SiteController.php:114
Stack trace:
#0 [internal function]: SiteController->actionUpdate('4')
#1 /var/www/productInfo/protected/framework/web/actions/CAction.php(108): ReflectionMethod->invokeArgs(Object(SiteController), Array)
#2 /var/www/productInfo/protected/framework/web/actions/CInlineAction.php(47): CAction->runWithParamsInternal(Object(SiteController), Object(ReflectionMethod), Array)
#3 /var/www/productInfo/protected/framework/web/CController.php(308): CInlineAction->runWithParams(Array)
#4 /var/www/productInfo/protected/framework/web/CController.php(286): CController->runAction(Object(CInlineAction))
#5 /var/www/productInfo/protected/framework/web/CController.php(265): CController->runActionWithFilters(Object(CInlineAction), Array)
#6 /var/www/productInfo/protected/framework/web/CWebApplication.php(282): CController->run('update')
#7 /var/www/productInfo/protected/framework/web/CWebApplication.php(141): CWebApplication->runController('site/update')
#8 /var/www/productInfo/protected/framework/base/CApplication.php(169): CWebApplication->processRequest()
#9 /var/www/productInfo/index.php(13): CApplication->run()
#10 {main}
REQUEST_URI=/site/update/4
HTTP_REFERER=http://productinfo.local/
---
2014/01/06 15:10:11 [error] [exception.CHttpException.500] exception 'CHttpException' with message 'CAssetManager.basePath "/var/www/productInfo/assets" is invalid. Please make sure the directory exists and is writable by the Web server process.' in /var/www/productInfo/protected/controllers/SiteController.php:78
Stack trace:
#0 /var/www/productInfo/protected/framework/web/actions/CInlineAction.php(49): SiteController->actionIndex()
#1 /var/www/productInfo/protected/framework/web/CController.php(308): CInlineAction->runWithParams(Array)
#2 /var/www/productInfo/protected/framework/web/CController.php(286): CController->runAction(Object(CInlineAction))
#3 /var/www/productInfo/protected/framework/web/CController.php(265): CController->runActionWithFilters(Object(CInlineAction), Array)
#4 /var/www/productInfo/protected/framework/web/CWebApplication.php(282): CController->run('')
#5 /var/www/productInfo/protected/framework/web/CWebApplication.php(141): CWebApplication->runController('')
#6 /var/www/productInfo/protected/framework/base/CApplication.php(169): CWebApplication->processRequest()
#7 /var/www/productInfo/index.php(13): CApplication->run()
#8 {main}
REQUEST_URI=/
---
